c:\repos\cppprogram\cpptutorials\d3d11_samples_2021-05-18-01\list0101(エントリーポイント)\game\x64\debug\vc142.pdb
c:\repos\cppprogram\cpptutorials\d3d11_samples_2021-05-18-01\list0101(エントリーポイント)\game\x64\debug\vc142.idb
c:\repos\cppprogram\cpptutorials\d3d11_samples_2021-05-18-01\list0101(エントリーポイント)\game\x64\debug\program.obj
c:\repos\cppprogram\cpptutorials\gamebullet\game\x64\debug\vc142.pdb
c:\repos\cppprogram\cpptutorials\gamebullet\game\x64\debug\vc142.idb
c:\repos\cppprogram\cpptutorials\gamebullet\game\x64\debug\program.obj
c:\repos\cppprogram\cpptutorials\gamebullet\game\x64\debug\game.obj
c:\repos\cppprogram\cpptutorials\game\game\x64\debug\vc142.pdb
c:\repos\cppprogram\cpptutorials\game\game\x64\debug\vc142.idb
c:\repos\cppprogram\cpptutorials\game\game\x64\debug\reversi.obj
c:\repos\cppprogram\cpptutorials\game\game\x64\debug\behaviour.obj
c:\repos\cppprogram\cpptutorials\game\game\x64\debug\program.obj
c:\repos\cppprogram\cpptutorials\d3d11_samples_2021-05-18-01\list0101(エントリーポイント)\x64\debug\game.exe
c:\repos\cppprogram\cpptutorials\d3d11_samples_2021-05-18-01\list0101(エントリーポイント)\x64\debug\game.ilk
c:\repos\cppprogram\cpptutorials\d3d11_samples_2021-05-18-01\list0101(エントリーポイント)\x64\debug\game.pdb
c:\repos\cppprogram\cpptutorials\gamebullet\x64\debug\game.exe
c:\repos\cppprogram\cpptutorials\gamebullet\x64\debug\game.ilk
c:\repos\cppprogram\cpptutorials\gamebullet\x64\debug\game.pdb
c:\repos\cppprogram\cpptutorials\game\x64\debug\game.exe
c:\repos\cppprogram\cpptutorials\game\x64\debug\game.ilk
c:\repos\cppprogram\cpptutorials\game\x64\debug\game.pdb
c:\repos\cppprogram\cpptutorials\game\game\x64\debug\game.obj.enc
c:\repos\cppprogram\cpptutorials\game\game\x64\debug\game.tlog\cl.command.1.tlog
c:\repos\cppprogram\cpptutorials\game\game\x64\debug\game.tlog\cl.read.1.tlog
c:\repos\cppprogram\cpptutorials\game\game\x64\debug\game.tlog\cl.write.1.tlog
c:\repos\cppprogram\cpptutorials\game\game\x64\debug\game.tlog\link.command.1.tlog
c:\repos\cppprogram\cpptutorials\game\game\x64\debug\game.tlog\link.read.1.tlog
c:\repos\cppprogram\cpptutorials\game\game\x64\debug\game.tlog\link.write.1.tlog
